2022/01/19 21:20:12 INFO  - jmeter.util.JMeterUtils: Setting Locale to en_US 
2022/01/19 21:20:12 INFO  - jmeter.JMeter: Loading user properties from: /usr/share/jmeter/bin/user.properties 
2022/01/19 21:20:12 INFO  - jmeter.JMeter: Loading system properties from: /usr/share/jmeter/bin/system.properties 
2022/01/19 21:20:12 INFO  - jmeter.JMeter: Copyright (c) 1998-2015 The Apache Software Foundation 
2022/01/19 21:20:12 INFO  - jmeter.JMeter: Version 2.13.20170723 
2022/01/19 21:20:12 INFO  - jmeter.JMeter: java.version=11.0.13 
2022/01/19 21:20:12 INFO  - jmeter.JMeter: java.vm.name=OpenJDK 64-Bit Server VM 
2022/01/19 21:20:12 INFO  - jmeter.JMeter: os.name=Linux 
2022/01/19 21:20:12 INFO  - jmeter.JMeter: os.arch=amd64 
2022/01/19 21:20:12 INFO  - jmeter.JMeter: os.version=5.4.0-94-generic 
2022/01/19 21:20:12 INFO  - jmeter.JMeter: file.encoding=UTF-8 
2022/01/19 21:20:12 INFO  - jmeter.JMeter: Default Locale=English (United States) 
2022/01/19 21:20:12 INFO  - jmeter.JMeter: JMeter  Locale=English (United States) 
2022/01/19 21:20:12 INFO  - jmeter.JMeter: JMeterHome=/usr/share/jmeter 
2022/01/19 21:20:12 INFO  - jmeter.JMeter: user.dir  =/home/alberto.rios/diplomado/cendi 
2022/01/19 21:20:12 INFO  - jmeter.JMeter: PWD       =/home/alberto.rios/diplomado/cendi 
2022/01/19 21:20:12 INFO  - jmeter.JMeter: IP: 127.0.1.1 Name: MX-IT02148 FullName: MX-IT02148 
2022/01/19 21:20:13 INFO  - jmeter.gui.action.LookAndFeelCommand: Using look and feel: javax.swing.plaf.metal.MetalLookAndFeel [Metal, CrossPlatform] 
2022/01/19 21:20:13 INFO  - jmeter.JMeter: Loaded icon properties from org/apache/jmeter/images/icon.properties 
2022/01/19 21:20:14 INFO  - jmeter.engine.util.CompoundVariable: Note: Function class names must contain the string: '.functions.' 
2022/01/19 21:20:14 INFO  - jmeter.engine.util.CompoundVariable: Note: Function class names must not contain the string: '.gui.' 
2022/01/19 21:20:15 INFO  - jmeter.util.BSFTestElement: Registering JMeter version of JavaScript engine as work-round for BSF-22 
2022/01/19 21:20:15 INFO  - jmeter.protocol.http.sampler.HTTPSamplerBase: Cannot find .className property for htmlParser, using default 
2022/01/19 21:20:15 INFO  - jmeter.protocol.http.sampler.HTTPSamplerBase: Parser for text/html is  
2022/01/19 21:20:15 INFO  - jmeter.protocol.http.sampler.HTTPSamplerBase: Parser for application/xhtml+xml is  
2022/01/19 21:20:15 INFO  - jmeter.protocol.http.sampler.HTTPSamplerBase: Parser for application/xml is  
2022/01/19 21:20:15 INFO  - jmeter.protocol.http.sampler.HTTPSamplerBase: Parser for text/xml is  
2022/01/19 21:20:15 INFO  - jmeter.protocol.http.sampler.HTTPSamplerBase: Parser for text/vnd.wap.wml is org.apache.jmeter.protocol.http.parser.RegexpHTMLParser 
2022/01/19 21:20:15 INFO  - jmeter.gui.util.MenuFactory: Skipping org.apache.jmeter.protocol.http.modifier.gui.ParamModifierGui 
2022/01/19 21:20:15 INFO  - jorphan.exec.KeyToolUtils: keytool found at 'keytool' 
2022/01/19 21:20:15 INFO  - jmeter.protocol.http.proxy.ProxyControl: HTTP(S) Test Script Recorder SSL Proxy will use keys that support embedded 3rd party resources in file /usr/share/jmeter/bin/proxyserver.jks 
2022/01/19 21:20:16 INFO  - jmeter.samplers.SampleResult: Note: Sample TimeStamps are START times 
2022/01/19 21:20:16 INFO  - jmeter.samplers.SampleResult: sampleresult.default.encoding is set to ISO-8859-1 
2022/01/19 21:20:16 INFO  - jmeter.samplers.SampleResult: sampleresult.useNanoTime=true 
2022/01/19 21:20:16 INFO  - jmeter.samplers.SampleResult: sampleresult.nanoThreadSleep=5000 
2022/01/19 21:24:08 INFO  - jmeter.gui.action.template.TemplateManager: Reading templates from:/usr/share/jmeter/bin/templates/templates.xml 
2022/01/19 21:25:05 INFO  - jmeter.engine.StandardJMeterEngine: Listeners will be started after enabling running version 
2022/01/19 21:25:05 INFO  - jmeter.engine.StandardJMeterEngine: To revert to the earlier behaviour, define jmeterengine.startlistenerslater=false 
2022/01/19 21:25:05 INFO  - jmeter.engine.StandardJMeterEngine: Running the test! 
2022/01/19 21:25:05 INFO  - jmeter.samplers.SampleEvent: List of sample_variables: [] 
2022/01/19 21:25:05 INFO  - jmeter.samplers.SampleEvent: List of sample_variables: [] 
2022/01/19 21:25:05 INFO  - jmeter.gui.util.JMeterMenuBar: setRunning(true,*local*) 
2022/01/19 21:25:05 INFO  - jmeter.engine.StandardJMeterEngine: No enabled thread groups found 
2022/01/19 21:25:05 INFO  - jmeter.engine.StandardJMeterEngine: Notifying test listeners of end of test 
2022/01/19 21:25:05 INFO  - jmeter.services.FileServer: Default base='/home/alberto.rios/diplomado/cendi' 
2022/01/19 21:25:05 INFO  - jmeter.gui.util.JMeterMenuBar: setRunning(false,*local*) 
